<?xml version="1.0" encoding="UTF-8" ?>
<testsuite tests="6" failures="0" name="PlayerTest" time="0.004" errors="0" skipped="0">
  <properties>
[...]
</properties>
  <testcase classname="PlayerTest" name="PlayerTest.testMove" time="0.004"/>
  <testcase classname="PlayerTest" name="PlayerTest.testGetHP" time="0"/>
  <testcase classname="PlayerTest" name="PlayerTest.testGetY" time="0"/>
  <testcase classname="PlayerTest" name="PlayerTest.testGetScore" time="0"/>
  <testcase classname="PlayerTest" name="PlayerTest.testGetX" time="0"/>
  <testcase classname="PlayerTest" name="PlayerTest.testGetPlayerSymbol" time="0"/>
</testsuite>